TAP version 13
# Subtest: buildBatchRequest
    # Subtest: should format correct URL and body
    ok 1 - should format correct URL and body
      ---
      duration_ms: 5.721947
      type: 'test'
      ...
    1..1
ok 1 - buildBatchRequest
  ---
  duration_ms: 7.06238
  type: 'suite'
  ...
# Subtest: fixJsonControlChars
    # Subtest: should escape CR/LF inside JSON strings
    ok 1 - should escape CR/LF inside JSON strings
      ---
      duration_ms: 1.82676
      type: 'test'
      ...
    # Subtest: should not modify CR/LF outside strings
    ok 2 - should not modify CR/LF outside strings
      ---
      duration_ms: 1.471452
      type: 'test'
      ...
    # Subtest: should handle escaped quotes correctly
    ok 3 - should handle escaped quotes correctly
      ---
      duration_ms: 1.311506
      type: 'test'
      ...
    1..3
ok 2 - fixJsonControlChars
  ---
  duration_ms: 5.057632
  type: 'suite'
  ...
# Subtest: findJsonEnd
    # Subtest: should find end of balanced array
    ok 1 - should find end of balanced array
      ---
      duration_ms: 1.543293
      type: 'test'
      ...
    # Subtest: should handle strings with brackets
    ok 2 - should handle strings with brackets
      ---
      duration_ms: 2.424726
      type: 'test'
      ...
    # Subtest: should return -1 for unbalanced input
    ok 3 - should return -1 for unbalanced input
      ---
      duration_ms: 1.54716
      type: 'test'
      ...
    1..3
ok 3 - findJsonEnd
  ---
  duration_ms: 5.863098
  type: 'suite'
  ...
# Subtest: parseResponse
    # Subtest: should extract payload from batchexecute response
    ok 1 - should extract payload from batchexecute response
      ---
      duration_ms: 2.364061
      type: 'test'
      ...
    1..1
ok 4 - parseResponse
  ---
  duration_ms: 2.633917
  type: 'suite'
  ...
# Subtest: parseTask
    # Subtest: should map array indices to named fields
    ok 1 - should map array indices to named fields
      ---
      duration_ms: 1.847027
      type: 'test'
      ...
    # Subtest: should fallback to short title when display title is null
    ok 2 - should fallback to short title when display title is null
      ---
      duration_ms: 1.606679
      type: 'test'
      ...
    # Subtest: should handle missing source gracefully
    ok 3 - should handle missing source gracefully
      ---
      duration_ms: 1.369885
      type: 'test'
      ...
    # Subtest: should include statusCode from index 25
    ok 4 - should include statusCode from index 25
      ---
      duration_ms: 1.454221
      type: 'test'
      ...
    1..4
ok 5 - parseTask
  ---
  duration_ms: 6.557729
  type: 'suite'
  ...
# Subtest: isArchivable
    # Subtest: should return true for completed tasks (state=3)
    ok 1 - should return true for completed tasks (state=3)
      ---
      duration_ms: 1.401866
      type: 'test'
      ...
    # Subtest: should return true for failed tasks (state=9)
    ok 2 - should return true for failed tasks (state=9)
      ---
      duration_ms: 1.287648
      type: 'test'
      ...
    # Subtest: should return false for active/in-progress tasks
    ok 3 - should return false for active/in-progress tasks
      ---
      duration_ms: 1.609317
      type: 'test'
      ...
    1..3
ok 6 - isArchivable
  ---
  duration_ms: 4.495913
  type: 'suite'
  ...
# Subtest: JULES_ORIGIN
    # Subtest: should be the Jules base URL
    ok 1 - should be the Jules base URL
      ---
      duration_ms: 1.393086
      type: 'test'
      ...
    1..1
ok 7 - JULES_ORIGIN
  ---
  duration_ms: 1.500454
  type: 'suite'
  ...
# Subtest: extractAccountNum
    # Subtest: should extract account number from /u/N paths
    ok 1 - should extract account number from /u/N paths
      ---
      duration_ms: 2.946314
      type: 'test'
      ...
    # Subtest: should return 0 for URLs without /u/N
    ok 2 - should return 0 for URLs without /u/N
      ---
      duration_ms: 1.248039
      type: 'test'
      ...
    1..2
ok 8 - extractAccountNum
  ---
  duration_ms: 4.345473
  type: 'suite'
  ...
# Subtest: getTabLabel
    # Subtest: should return u/N for account tabs
    ok 1 - should return u/N for account tabs
      ---
      duration_ms: 1.421381
      type: 'test'
      ...
    # Subtest: should return default for tabs without account number
    ok 2 - should return default for tabs without account number
      ---
      duration_ms: 1.343684
      type: 'test'
      ...
    1..2
ok 9 - getTabLabel
  ---
  duration_ms: 2.899501
  type: 'suite'
  ...
# Subtest: getOpenPRs
    # Subtest: should return mapped PR titles and branches
    ok 1 - should return mapped PR titles and branches
      ---
      duration_ms: 2.537411
      type: 'test'
      ...
    # Subtest: should return cached value on cache hit
    ok 2 - should return cached value on cache hit
      ---
      duration_ms: 1.916243
      type: 'test'
      ...
    # Subtest: should return empty array on HTTP error
    ok 3 - should return empty array on HTTP error
      ---
      duration_ms: 1.871983
      type: 'test'
      ...
    # Subtest: should return empty array on network error
    ok 4 - should return empty array on network error
      ---
      duration_ms: 1.76659
      type: 'test'
      ...
    # Subtest: should encode owner and repo in URL
    ok 5 - should encode owner and repo in URL
      ---
      duration_ms: 2.231009
      type: 'test'
      ...
    # Subtest: should reject tokens with newlines
    ok 6 - should reject tokens with newlines
      ---
      duration_ms: 1.621473
      type: 'test'
      ...
    # Subtest: should use Authorization header when token is provided
    ok 7 - should use Authorization header when token is provided
      ---
      duration_ms: 1.618731
      type: 'test'
      ...
    # Subtest: should handle prCache correctly (integration check)
    ok 8 - should handle prCache correctly (integration check)
      ---
      duration_ms: 2.681068
      type: 'test'
      ...
    1..8
ok 10 - getOpenPRs
  ---
  duration_ms: 16.679459
  type: 'suite'
  ...
# Subtest: taskHasOpenPR
    # Subtest: should match when PR title contains task title
    ok 1 - should match when PR title contains task title
      ---
      duration_ms: 1.389183
      type: 'test'
      ...
    # Subtest: should match when task title contains PR title
    ok 2 - should match when task title contains PR title
      ---
      duration_ms: 1.155538
      type: 'test'
      ...
    # Subtest: should not match unrelated PR titles
    ok 3 - should not match unrelated PR titles
      ---
      duration_ms: 1.225605
      type: 'test'
      ...
    # Subtest: should return false for empty PR list
    ok 4 - should return false for empty PR list
      ---
      duration_ms: 1.229874
      type: 'test'
      ...
    # Subtest: should return false for untitled tasks
    ok 5 - should return false for untitled tasks
      ---
      duration_ms: 1.380329
      type: 'test'
      ...
    # Subtest: should be case-insensitive
    ok 6 - should be case-insensitive
      ---
      duration_ms: 1.386711
      type: 'test'
      ...
    1..6
ok 11 - taskHasOpenPR
  ---
  duration_ms: 8.095011
  type: 'suite'
  ...
# Subtest: parseSuggestion
    # Subtest: should parse suggestion from hQP40d response
    ok 1 - should parse suggestion from hQP40d response
      ---
      duration_ms: 1.537995
      type: 'test'
      ...
    # Subtest: should return null for null input
    ok 2 - should return null for null input
      ---
      duration_ms: 1.235399
      type: 'test'
      ...
    # Subtest: should return null for empty array
    ok 3 - should return null for empty array
      ---
      duration_ms: 1.243755
      type: 'test'
      ...
    # Subtest: should return null when details array is missing
    ok 4 - should return null when details array is missing
      ---
      duration_ms: 1.30557
      type: 'test'
      ...
    1..4
ok 12 - parseSuggestion
  ---
  duration_ms: 5.547202
  type: 'suite'
  ...
# Subtest: buildSuggestionPrompt
    # Subtest: should build security prompt for input-validation category
    ok 1 - should build security prompt for input-validation category
      ---
      duration_ms: 2.577837
      type: 'test'
      ...
    # Subtest: should build testing prompt for untested-function category
    ok 2 - should build testing prompt for untested-function category
      ---
      duration_ms: 1.328972
      type: 'test'
      ...
    # Subtest: should build performance prompt for async-io category
    ok 3 - should build performance prompt for async-io category
      ---
      duration_ms: 1.238966
      type: 'test'
      ...
    # Subtest: should build cleanup prompt for dead-code category
    ok 4 - should build cleanup prompt for dead-code category
      ---
      duration_ms: 1.177531
      type: 'test'
      ...
    # Subtest: should use default config for unknown category
    ok 5 - should use default config for unknown category
      ---
      duration_ms: 1.289428
      type: 'test'
      ...
    1..5
ok 13 - buildSuggestionPrompt
  ---
  duration_ms: 7.867653
  type: 'suite'
  ...
# Subtest: buildStartPayload
    # Subtest: should build correct Rja83d payload structure
    ok 1 - should build correct Rja83d payload structure
      ---
      duration_ms: 1.401962
      type: 'test'
      ...
    # Subtest: should use config.modelId over startConfig when available
    ok 2 - should use config.modelId over startConfig when available
      ---
      duration_ms: 1.223695
      type: 'test'
      ...
    # Subtest: should use default feature flags when startConfig is null
    ok 3 - should use default feature flags when startConfig is null
      ---
      duration_ms: 1.250179
      type: 'test'
      ...
    1..3
ok 14 - buildStartPayload
  ---
  duration_ms: 4.031902
  type: 'suite'
  ...
# Subtest: state management
    # Subtest: should initialize cleanly without existing state
    ok 1 - should initialize cleanly without existing state
      ---
      duration_ms: 1.425027
      type: 'test'
      ...
    # Subtest: should handle interrupted running state
    ok 2 - should handle interrupted running state
      ---
      duration_ms: 38.259861
      type: 'test'
      ...
    # Subtest: should persist state on update
    ok 3 - should persist state on update
      ---
      duration_ms: 12.209604
      type: 'test'
      ...
    # Subtest: should add log messages and persist state
    ok 4 - should add log messages and persist state
      ---
      duration_ms: 12.209825
      type: 'test'
      ...
    1..4
ok 15 - state management
  ---
  duration_ms: 64.482217
  type: 'suite'
  ...
# Subtest: extractAccountNum
    # Subtest: should extract account number from /u/X/ format
    ok 1 - should extract account number from /u/X/ format
      ---
      duration_ms: 1.412392
      type: 'test'
      ...
    # Subtest: should return "0" for URLs without /u/X/ segment
    ok 2 - should return "0" for URLs without /u/X/ segment
      ---
      duration_ms: 1.45447
      type: 'test'
      ...
    # Subtest: should handle null, undefined, and malformed URLs gracefully
    ok 3 - should handle null, undefined, and malformed URLs gracefully
      ---
      duration_ms: 1.244551
      type: 'test'
      ...
    1..3
ok 16 - extractAccountNum
  ---
  duration_ms: 4.289218
  type: 'suite'
  ...
# Subtest: getTabLabel
    # Subtest: should return "default" for account 0
    ok 1 - should return "default" for account 0
      ---
      duration_ms: 1.92406
      type: 'test'
      ...
    # Subtest: should return "u/X" for other account numbers
    ok 2 - should return "u/X" for other account numbers
      ---
      duration_ms: 1.227425
      type: 'test'
      ...
    1..2
ok 17 - getTabLabel
  ---
  duration_ms: 3.266614
  type: 'suite'
  ...
# Subtest: getJulesTabs
    # Subtest: should filter out accounts.google tabs and sort by account number
    ok 1 - should filter out accounts.google tabs and sort by account number
      ---
      duration_ms: 1.57966
      type: 'test'
      ...
    # Subtest: should handle tabs without account segments correctly (as 0)
    ok 2 - should handle tabs without account segments correctly (as 0)
      ---
      duration_ms: 1.333673
      type: 'test'
      ...
    1..2
ok 18 - getJulesTabs
  ---
  duration_ms: 3.024991
  type: 'suite'
  ...
# Subtest: startOperation refactoring
    # Subtest: initOperationState should initialize state correctly
    ok 1 - initOperationState should initialize state correctly
      ---
      duration_ms: 1.454041
      type: 'test'
      ...
    # Subtest: discoverTabs should handle no tabs found
    ok 2 - discoverTabs should handle no tabs found
      ---
      duration_ms: 1.82689
      type: 'test'
      ...
    # Subtest: discoverTabs should return filtered tabs
    ok 3 - discoverTabs should return filtered tabs
      ---
      duration_ms: 1.841791
      type: 'test'
      ...
    # Subtest: finalizeOperation should update status to done and log summary
    ok 4 - finalizeOperation should update status to done and log summary
      ---
      duration_ms: 1.460198
      type: 'test'
      ...
    # Subtest: handleOperationError should log error and update status
    ok 5 - handleOperationError should log error and update status
      ---
      duration_ms: 1.487227
      type: 'test'
      ...
    # Subtest: startOperation should orchestrate successfully
    ok 6 - startOperation should orchestrate successfully
      ---
      duration_ms: 1.763261
      type: 'test'
      ...
    1..6
ok 19 - startOperation refactoring
  ---
  duration_ms: 10.15452
  type: 'suite'
  ...
